CS-M117-linzhouChanges/Application/build/outputs/logs/manifest-merger-debug-report.txt
-- Merging decision tree log ---
manifest
ADDED from src/main/AndroidManifest.xml:16:1-57:12
INJECTED from src/main/AndroidManifest.xml:16:1-57:12
INJECTED from src/main/AndroidManifest.xml:16:1-57:12
MERGED from [com.android.support:appcompat-v7:25.0.1] AndroidManifest.xml:17:1-27:12
MERGED from [com.android.support:support-v4:25.0.1] AndroidManifest.xml:17:1-27:12
MERGED from [com.android.support:gridlayout-v7:25.0.1] AndroidManifest.xml:17:1-24:12
MERGED from [com.android.support:cardview-v7:25.0.1] AndroidManifest.xml:17:1-24:12
MERGED from [com.android.support.constraint:constraint-layout:1.0.2] AndroidManifest.xml:2:1-11:12
MERGED from [com.android.support:support-fragment:25.0.1] AndroidManifest.xml:17:1-27:12
MERGED from [com.android.support:support-media-compat:25.0.1] AndroidManifest.xml:17:1-27:12
MERGED from [com.android.support:support-core-utils:25.0.1] AndroidManifest.xml:17:1-27:12
MERGED from [com.android.support:support-core-ui:25.0.1] AndroidManifest.xml:17:1-27:12
MERGED from [com.android.support:animated-vector-drawable:25.0.1] AndroidManifest.xml:17:1-24:12
MERGED from [com.android.support:support-vector-drawable:25.0.1] AndroidManifest.xml:17:1-25:12
MERGED from [com.android.support:support-compat:25.0.1] AndroidManifest.xml:17:1-27:12
INJECTED from src/main/AndroidManifest.xml:16:1-57:12
INJECTED from src/main/AndroidManifest.xml:16:1-57:12
	package
		ADDED from src/main/AndroidManifest.xml:17:5-48
	android:versionName
		ADDED from src/main/AndroidManifest.xml:19:5-30
		INJECTED from src/main/AndroidManifest.xml
		INJECTED from src/main/AndroidManifest.xml
	xmlns:android
		ADDED from src/main/AndroidManifest.xml:16:11-69
	android:versionCode
		ADDED from src/main/AndroidManifest.xml:18:5-28
		INJECTED from src/main/AndroidManifest.xml
		INJECTED from src/main/AndroidManifest.xml
uses-permission#android.permission.BLUETOOTH_ADMIN
ADDED from src/main/AndroidManifest.xml:23:5-74
	android:name
		ADDED from src/main/AndroidManifest.xml:23:22-71
uses-permission#android.permission.BLUETOOTH
ADDED from src/main/AndroidManifest.xml:24:5-68
	android:name
		ADDED from src/main/AndroidManifest.xml:24:22-65
uses-permission#android.permission.ACCESS_FINE_LOCATION
ADDED from src/main/AndroidManifest.xml:25:5-79
	android:name
		ADDED from src/main/AndroidManifest.xml:25:22-76
uses-permission#android.permission.ACCESS_NETWORK_STATE
ADDED from src/main/AndroidManifest.xml:26:5-79
	android:name
		ADDED from src/main/AndroidManifest.xml:26:22-76
uses-permission#android.permission.SEND_SMS
ADDED from src/main/AndroidManifest.xml:27:5-66
	android:name
		ADDED from src/main/AndroidManifest.xml:27:22-64
uses-permission#android.permission.RECEIVE_SMS
ADDED from src/main/AndroidManifest.xml:28:5-69
	android:name
		ADDED from src/main/AndroidManifest.xml:28:22-67
application
ADDED from src/main/AndroidManifest.xml:30:5-55:19
MERGED from [com.android.support:appcompat-v7:25.0.1] AndroidManifest.xml:25:5-20
MERGED from [com.android.support:appcompat-v7:25.0.1] AndroidManifest.xml:25:5-20
MERGED from [com.android.support:support-v4:25.0.1] AndroidManifest.xml:25:5-20
MERGED from [com.android.support:support-v4:25.0.1] AndroidManifest.xml:25:5-20
MERGED from [com.android.support:gridlayout-v7:25.0.1] AndroidManifest.xml:22:5-20
MERGED from [com.android.support:gridlayout-v7:25.0.1] AndroidManifest.xml:22:5-20
MERGED from [com.android.support:cardview-v7:25.0.1] AndroidManifest.xml:22:5-20
MERGED from [com.android.support:cardview-v7:25.0.1] AndroidManifest.xml:22:5-20
MERGED from [com.android.support.constraint:constraint-layout:1.0.2] AndroidManifest.xml:9:5-20
MERGED from [com.android.support.constraint:constraint-layout:1.0.2] AndroidManifest.xml:9:5-20
MERGED from [com.android.support:support-fragment:25.0.1] AndroidManifest.xml:25:5-20
MERGED from [com.android.support:support-fragment:25.0.1] AndroidManifest.xml:25:5-20
MERGED from [com.android.support:support-media-compat:25.0.1] AndroidManifest.xml:25:5-20
MERGED from [com.android.support:support-media-compat:25.0.1] AndroidManifest.xml:25:5-20
MERGED from [com.android.support:support-core-utils:25.0.1] AndroidManifest.xml:25:5-20
MERGED from [com.android.support:support-core-utils:25.0.1] AndroidManifest.xml:25:5-20
MERGED from [com.android.support:support-core-ui:25.0.1] AndroidManifest.xml:25:5-20
MERGED from [com.android.support:support-core-ui:25.0.1] AndroidManifest.xml:25:5-20
MERGED from [com.android.support:animated-vector-drawable:25.0.1] AndroidManifest.xml:22:5-20
MERGED from [com.android.support:animated-vector-drawable:25.0.1] AndroidManifest.xml:22:5-20
MERGED from [com.android.support:support-vector-drawable:25.0.1] AndroidManifest.xml:23:5-20
MERGED from [com.android.support:support-vector-drawable:25.0.1] AndroidManifest.xml:23:5-20
MERGED from [com.android.support:support-compat:25.0.1] AndroidManifest.xml:25:5-20
MERGED from [com.android.support:support-compat:25.0.1] AndroidManifest.xml:25:5-20
	android:label
		ADDED from src/main/AndroidManifest.xml:33:9-33
	android:icon
		ADDED from src/main/AndroidManifest.xml:32:9-42
	android:allowBackup
		ADDED from src/main/AndroidManifest.xml:31:9-35
	android:theme
		ADDED from src/main/AndroidManifest.xml:34:9-40
activity#com.example.android.bluetoothchat.MainActivity
ADDED from src/main/AndroidManifest.xml:35:9-44:20
	android:label
		ADDED from src/main/AndroidManifest.xml:38:13-37
	android:configChanges
		ADDED from src/main/AndroidManifest.xml:37:13-63
	android:name
		ADDED from src/main/AndroidManifest.xml:36:13-41
intent-filter#android.intent.action.MAIN+android.intent.category.LAUNCHER
ADDED from src/main/AndroidManifest.xml:39:13-43:29
action#android.intent.action.MAIN
ADDED from src/main/AndroidManifest.xml:40:17-69
	android:name
		ADDED from src/main/AndroidManifest.xml:40:25-66
category#android.intent.category.LAUNCHER
ADDED from src/main/AndroidManifest.xml:42:17-77
	android:name
		ADDED from src/main/AndroidManifest.xml:42:27-74
activity#com.example.android.bluetoothchat.VictimScreen
ADDED from src/main/AndroidManifest.xml:45:9-50
	android:name
		ADDED from src/main/AndroidManifest.xml:45:19-47
activity#com.example.android.bluetoothchat.ResponderScreen
ADDED from src/main/AndroidManifest.xml:46:9-53
	android:name
		ADDED from src/main/AndroidManifest.xml:46:19-50
activity#com.example.android.bluetoothchat.DeviceListActivity
ADDED from src/main/AndroidManifest.xml:47:9-51:64
	android:label
		ADDED from src/main/AndroidManifest.xml:50:13-50
	android:configChanges
		ADDED from src/main/AndroidManifest.xml:49:13-63
	android:theme
		ADDED from src/main/AndroidManifest.xml:51:13-61
	android:name
		ADDED from src/main/AndroidManifest.xml:48:13-47
activity#com.example.android.bluetoothchat.SMSActivity
ADDED from src/main/AndroidManifest.xml:52:9-54:67
	android:label
		ADDED from src/main/AndroidManifest.xml:54:13-55
	android:name
		ADDED from src/main/AndroidManifest.xml:53:13-40
uses-sdk
INJECTED from src/main/AndroidManifest.xml reason: use-sdk injection requested
INJECTED from src/main/AndroidManifest.xml
INJECTED from src/main/AndroidManifest.xml
MERGED from [com.android.support:appcompat-v7:25.0.1] AndroidManifest.xml:21:5-23:78
MERGED from [com.android.support:appcompat-v7:25.0.1] AndroidManifest.xml:21:5-23:78
MERGED from [com.android.support:support-v4:25.0.1] AndroidManifest.xml:21:5-23:54
MERGED from [com.android.support:support-v4:25.0.1] AndroidManifest.xml:21:5-23:54
MERGED from [com.android.support:gridlayout-v7:25.0.1] AndroidManifest.xml:20:5-43
MERGED from [com.android.support:gridlayout-v7:25.0.1] AndroidManifest.xml:20:5-43
MERGED from [com.android.support:cardview-v7:25.0.1] AndroidManifest.xml:20:5-43
MERGED from [com.android.support:cardview-v7:25.0.1] AndroidManifest.xml:20:5-43
MERGED from [com.android.support.constraint:constraint-layout:1.0.2] AndroidManifest.xml:5:5-7:41
MERGED from [com.android.support.constraint:constraint-layout:1.0.2] AndroidManifest.xml:5:5-7:41
MERGED from [com.android.support:support-fragment:25.0.1] AndroidManifest.xml:21:5-23:60
MERGED from [com.android.support:support-fragment:25.0.1] AndroidManifest.xml:21:5-23:60
MERGED from [com.android.support:support-media-compat:25.0.1] AndroidManifest.xml:21:5-23:63
MERGED from [com.android.support:support-media-compat:25.0.1] AndroidManifest.xml:21:5-23:63
MERGED from [com.android.support:support-core-utils:25.0.1] AndroidManifest.xml:21:5-23:61
MERGED from [com.android.support:support-core-utils:25.0.1] AndroidManifest.xml:21:5-23:61
MERGED from [com.android.support:support-core-ui:25.0.1] AndroidManifest.xml:21:5-23:58
MERGED from [com.android.support:support-core-ui:25.0.1] AndroidManifest.xml:21:5-23:58
MERGED from [com.android.support:animated-vector-drawable:25.0.1] AndroidManifest.xml:20:5-44
MERGED from [com.android.support:animated-vector-drawable:25.0.1] AndroidManifest.xml:20:5-44
MERGED from [com.android.support:support-vector-drawable:25.0.1] AndroidManifest.xml:21:5-43
MERGED from [com.android.support:support-vector-drawable:25.0.1] AndroidManifest.xml:21:5-43
MERGED from [com.android.support:support-compat:25.0.1] AndroidManifest.xml:21:5-23:58
MERGED from [com.android.support:support-compat:25.0.1] AndroidManifest.xml:21:5-23:58
INJECTED from src/main/AndroidManifest.xml
INJECTED from src/main/AndroidManifest.xml
	tools:overrideLibrary
		ADDED from [com.android.support:appcompat-v7:25.0.1] AndroidManifest.xml:23:9-75
	android:targetSdkVersion
		INJECTED from src/main/AndroidManifest.xml
		ADDED from src/main/AndroidManifest.xml
		INJECTED from src/main/AndroidManifest.xml
	android:minSdkVersion
		INJECTED from src/main/AndroidManifest.xml
		ADDED from src/main/AndroidManifest.xml
		INJECTED from src/main/AndroidManifest.xml